*** Using Compiler 'V5.06 update 7 (build 960)', folder: 'E:\ProgramFile\MDK\Code\ARM\ARMCC\Bin'
Build target 'ENGINEER'
compiling imu_task.c...
compiling start_tack.c...
compiling info_get_task.c...
compiling judge_task.c...
..\PROTOCOL\judge_tx_data.h(338): warning:  #1295-D: Deprecated declaration sentry_cmd_packet_pack - give arg types
  void sentry_cmd_packet_pack();//uint8_t *p_data
..\TASK\judge_task.c: 1 warning, 0 errors
compiling controller_task.c...
compiling shoot_task.c...
compiling main.c...
..\PROTOCOL\judge_tx_data.h(338): warning:  #1295-D: Deprecated declaration sentry_cmd_packet_pack - give arg types
  void sentry_cmd_packet_pack();//uint8_t *p_data
main.c: 1 warning, 0 errors
linking...
Program Size: Code=37648 RO-data=2500 RW-data=1020 ZI-data=124620  
FromELF: creating hex file...
"..\OBJ\engineering.elf" - 0 Error(s), 2 Warning(s).
Build Time Elapsed:  00:00:02
